<?xml version="1.0" encoding="UTF-8"?>
<!-- Generated by org.testng.reporters.JUnitReportReporter -->
<testsuite hostname="LHRLT-7489" failures="0" tests="4" name="com.alerts.JsAlert" time="23.872" errors="0" timestamp="2023-01-14T00:44:08 PKT" skipped="0">
  <testcase classname="com.alerts.JsAlert" name="clickJsAlert" time="6.084"/>
  <system-out/>
  <testcase classname="com.alerts.JsAlert" name="clickJsConfirm" time="6.082"/>
  <system-out/>
  <testcase classname="com.alerts.JsAlert" name="clickJsPrompt" time="6.105"/>
  <system-out/>
  <testcase classname="com.alerts.JsAlert" name="validateBasicAuth" time="5.601"/>
  <system-out/>
</testsuite> <!-- com.alerts.JsAlert -->
