<?xml version="1.0" encoding="UTF-8"?>
<!-- Generated by org.testng.reporters.JUnitReportReporter -->
<testsuite hostname="LHRLT-7489" failures="0" tests="2" name="com.dropDown.DropDowns" time="3.463" errors="0" timestamp="2023-01-15T16:52:12 PKT" skipped="0">
  <testcase classname="com.dropDown.DropDowns" name="selectWithGetOptions" time="3.401"/>
  <system-out/>
  <testcase classname="com.dropDown.DropDowns" name="selectDropDown" time="0.062"/>
  <system-out/>
</testsuite> <!-- com.dropDown.DropDowns -->
