<?xml version="1.0" encoding="UTF-8"?>
<!-- Generated by org.testng.reporters.JUnitReportReporter -->
<testsuite hostname="MZAK" failures="0" tests="5" name="restassuredTests.Demo6_BasicValidations_XML" time="2.594" errors="0" timestamp="2022-12-17T13:26:01 PKT" skipped="0">
  <testcase classname="restassuredTests.Demo6_BasicValidations_XML" name="testSingleContent" time="0.539"/>
  <system-out/>
  <testcase classname="restassuredTests.Demo6_BasicValidations_XML" name="testMultipleContents" time="0.591"/>
  <system-out/>
  <testcase classname="restassuredTests.Demo6_BasicValidations_XML" name="testAllContentsInOneGo" time="0.447"/>
  <system-out/>
  <testcase classname="restassuredTests.Demo6_BasicValidations_XML" name="testUsingXPath1" time="0.527"/>
  <system-out/>
  <testcase classname="restassuredTests.Demo6_BasicValidations_XML" name="testUsingXPath2" time="0.490"/>
  <system-out/>
</testsuite> <!-- restassuredTests.Demo6_BasicValidations_XML -->
