<?xml version="1.0" encoding="UTF-8"?>
<!-- Generated by org.testng.reporters.JUnitReportReporter -->
<testsuite hostname="MZAK" failures="0" tests="1" name="restassuredTests.Demo3_UpdateUser" time="4.195" errors="0" timestamp="2022-12-19T11:50:35 PKT" skipped="0">
  <testcase classname="restassuredTests.Demo3_UpdateUser" name="testPut" time="4.195"/>
  <system-out/>
</testsuite> <!-- restassuredTests.Demo3_UpdateUser -->
