<?xml version="1.0" encoding="UTF-8"?>
<!-- Generated by org.testng.reporters.JUnitReportReporter -->
<testsuite hostname="MZAK" failures="0" tests="1" name="restassuredTests.Demo1_GET_Request" time="3.524" errors="0" timestamp="2022-12-19T11:49:21 PKT" skipped="0">
  <testcase classname="restassuredTests.Demo1_GET_Request" name="getUserDetails" time="3.524"/>
  <system-out/>
</testsuite> <!-- restassuredTests.Demo1_GET_Request -->
