<?xml version="1.0" encoding="UTF-8"?>
<!-- Generated by org.testng.reporters.JUnitReportReporter -->
<testsuite hostname="LHRLT-7489" failures="0" tests="1" name="com.iframes.IFrames" time="14.603" errors="0" timestamp="2023-01-14T03:20:51 PKT" skipped="0">
  <testcase classname="com.iframes.IFrames" name="setup" time="14.603"/>
  <system-out/>
</testsuite> <!-- com.iframes.IFrames -->
